@storybook/cli v7.0.0-rc.1

info => Cleaning outputDir: /var/folders/yr/m7wc06cs58lbsz9yljkd589w0000gn/T/chromatic--39500-3V7WSQOwgnaU
info => Loading presets
info => Building manager..
info => Manager built (102 ms)
info => Copying static files: /Users/schoen/Projects/robot-scene/node_modules/@storybook/manager/static at /var/folders/yr/m7wc06cs58lbsz9yljkd589w0000gn/T/chromatic--39500-3V7WSQOwgnaU/sb-common-assets
WARN No story files found for the specified pattern: src/**/*.stories.mdx
vite v3.1.0 building for production...

./sb-common-assets/fonts.css doesn't exist at build time, it will remain unchanged to be resolved at runtime
transforming...
Use of eval is strongly discouraged, as it poses security risks and may cause issues with minification
Use of eval is strongly discouraged, as it poses security risks and may cause issues with minification
Use of eval is strongly discouraged, as it poses security risks and may cause issues with minification
✓ 2020 modules transformed.
rendering chunks...
../../../../var/folders/yr/m7wc06cs58lbsz9yljkd589w0000gn/T/chromatic--39500-3V7WSQOwgnaU/assets/finger.955625d6.glb                           49.33 KiB
../../../../var/folders/yr/m7wc06cs58lbsz9yljkd589w0000gn/T/chromatic--39500-3V7WSQOwgnaU/assets/hand.c2b00d53.glb                             541.77 KiB
../../../../var/folders/yr/m7wc06cs58lbsz9yljkd589w0000gn/T/chromatic--39500-3V7WSQOwgnaU/assets/link1.f9b792ab.glb                            951.50 KiB
../../../../var/folders/yr/m7wc06cs58lbsz9yljkd589w0000gn/T/chromatic--39500-3V7WSQOwgnaU/assets/link2.56ee0bff.glb                            968.78 KiB
../../../../var/folders/yr/m7wc06cs58lbsz9yljkd589w0000gn/T/chromatic--39500-3V7WSQOwgnaU/assets/robotiq_arg2f_85_inner_finger.8616f2e4.glb    25.90 KiB
../../../../var/folders/yr/m7wc06cs58lbsz9yljkd589w0000gn/T/chromatic--39500-3V7WSQOwgnaU/assets/robotiq_arg2f_85_base_link.69a93331.glb       131.46 KiB
../../../../var/folders/yr/m7wc06cs58lbsz9yljkd589w0000gn/T/chromatic--39500-3V7WSQOwgnaU/assets/robotiq_arg2f_85_inner_knuckle.3dec9309.glb   21.59 KiB
../../../../var/folders/yr/m7wc06cs58lbsz9yljkd589w0000gn/T/chromatic--39500-3V7WSQOwgnaU/assets/robotiq_arg2f_85_outer_finger.748826e6.glb    24.74 KiB
../../../../var/folders/yr/m7wc06cs58lbsz9yljkd589w0000gn/T/chromatic--39500-3V7WSQOwgnaU/assets/robotiq_arg2f_85_outer_knuckle.2bbff1d3.glb   29.87 KiB
../../../../var/folders/yr/m7wc06cs58lbsz9yljkd589w0000gn/T/chromatic--39500-3V7WSQOwgnaU/assets/robotiq_arg2f_base_link.c14b45fd.glb          131.46 KiB
../../../../var/folders/yr/m7wc06cs58lbsz9yljkd589w0000gn/T/chromatic--39500-3V7WSQOwgnaU/assets/link3.d1b43eeb.glb                            1085.45 KiB
../../../../var/folders/yr/m7wc06cs58lbsz9yljkd589w0000gn/T/chromatic--39500-3V7WSQOwgnaU/assets/link5.886f6cb7.glb                            1396.25 KiB
../../../../var/folders/yr/m7wc06cs58lbsz9yljkd589w0000gn/T/chromatic--39500-3V7WSQOwgnaU/assets/robotiq_arg2f_85_inner_finger.89feac3a.glb    151.94 KiB
../../../../var/folders/yr/m7wc06cs58lbsz9yljkd589w0000gn/T/chromatic--39500-3V7WSQOwgnaU/assets/link0.761db3c3.glb                            1559.02 KiB
../../../../var/folders/yr/m7wc06cs58lbsz9yljkd589w0000gn/T/chromatic--39500-3V7WSQOwgnaU/assets/robotiq_arg2f_85_inner_knuckle.863cd412.glb   104.39 KiB
../../../../var/folders/yr/m7wc06cs58lbsz9yljkd589w0000gn/T/chromatic--39500-3V7WSQOwgnaU/assets/robotiq_arg2f_85_outer_finger.05106a30.glb    108.79 KiB
../../../../var/folders/yr/m7wc06cs58lbsz9yljkd589w0000gn/T/chromatic--39500-3V7WSQOwgnaU/assets/link4.17a98ce1.glb                            1117.04 KiB
../../../../var/folders/yr/m7wc06cs58lbsz9yljkd589w0000gn/T/chromatic--39500-3V7WSQOwgnaU/assets/robotiq_arg2f_85_outer_knuckle.350b884f.glb   85.14 KiB
../../../../var/folders/yr/m7wc06cs58lbsz9yljkd589w0000gn/T/chromatic--39500-3V7WSQOwgnaU/assets/link7.7281c497.glb                            924.43 KiB
../../../../var/folders/yr/m7wc06cs58lbsz9yljkd589w0000gn/T/chromatic--39500-3V7WSQOwgnaU/assets/robotiq_gripper_coupling.7f042dbe.glb         199.03 KiB
../../../../var/folders/yr/m7wc06cs58lbsz9yljkd589w0000gn/T/chromatic--39500-3V7WSQOwgnaU/assets/link6.165fd3f4.glb                            1655.24 KiB
../../../../var/folders/yr/m7wc06cs58lbsz9yljkd589w0000gn/T/chromatic--39500-3V7WSQOwgnaU/assets/robotiq_85_knuckle_link.4d1dff91.glb          100.00 KiB
../../../../var/folders/yr/m7wc06cs58lbsz9yljkd589w0000gn/T/chromatic--39500-3V7WSQOwgnaU/assets/robotiq_85_finger_link.bb9a2e65.glb           149.71 KiB
../../../../var/folders/yr/m7wc06cs58lbsz9yljkd589w0000gn/T/chromatic--39500-3V7WSQOwgnaU/assets/robotiq_85_finger_tip_link.68af4f5e.glb       188.01 KiB
../../../../var/folders/yr/m7wc06cs58lbsz9yljkd589w0000gn/T/chromatic--39500-3V7WSQOwgnaU/assets/robotiq_85_inner_knuckle_link.58b7359a.glb    162.47 KiB
../../../../var/folders/yr/m7wc06cs58lbsz9yljkd589w0000gn/T/chromatic--39500-3V7WSQOwgnaU/assets/robotiq_85_knuckle_link.6c6b9820.glb          98.36 KiB
../../../../var/folders/yr/m7wc06cs58lbsz9yljkd589w0000gn/T/chromatic--39500-3V7WSQOwgnaU/assets/robotiq_85_finger_link.ed07c896.glb           147.12 KiB
../../../../var/folders/yr/m7wc06cs58lbsz9yljkd589w0000gn/T/chromatic--39500-3V7WSQOwgnaU/assets/robotiq_85_finger_tip_link.fa8019e2.glb       186.73 KiB
../../../../var/folders/yr/m7wc06cs58lbsz9yljkd589w0000gn/T/chromatic--39500-3V7WSQOwgnaU/assets/robotiq_85_inner_knuckle_link.60258d9b.glb    160.83 KiB
../../../../var/folders/yr/m7wc06cs58lbsz9yljkd589w0000gn/T/chromatic--39500-3V7WSQOwgnaU/assets/robotiq_arg2f_85_base_link.177f8847.glb       2402.20 KiB
../../../../var/folders/yr/m7wc06cs58lbsz9yljkd589w0000gn/T/chromatic--39500-3V7WSQOwgnaU/assets/pedestal_link_collision.027467b4.glb          14.15 KiB
../../../../var/folders/yr/m7wc06cs58lbsz9yljkd589w0000gn/T/chromatic--39500-3V7WSQOwgnaU/assets/H0.6605e314.glb                               93.93 KiB
../../../../var/folders/yr/m7wc06cs58lbsz9yljkd589w0000gn/T/chromatic--39500-3V7WSQOwgnaU/assets/E1.40e2dfac.glb                               234.66 KiB
../../../../var/folders/yr/m7wc06cs58lbsz9yljkd589w0000gn/T/chromatic--39500-3V7WSQOwgnaU/assets/H1.49bedb4e.glb                               71.52 KiB
../../../../var/folders/yr/m7wc06cs58lbsz9yljkd589w0000gn/T/chromatic--39500-3V7WSQOwgnaU/assets/W1.9d2b652d.glb                               269.80 KiB
../../../../var/folders/yr/m7wc06cs58lbsz9yljkd589w0000gn/T/chromatic--39500-3V7WSQOwgnaU/assets/E0.66d40753.glb                               263.24 KiB
../../../../var/folders/yr/m7wc06cs58lbsz9yljkd589w0000gn/T/chromatic--39500-3V7WSQOwgnaU/assets/S1.70613c8a.glb                               123.66 KiB
../../../../var/folders/yr/m7wc06cs58lbsz9yljkd589w0000gn/T/chromatic--39500-3V7WSQOwgnaU/assets/base.5b682100.glb                             254.62 KiB
../../../../var/folders/yr/m7wc06cs58lbsz9yljkd589w0000gn/T/chromatic--39500-3V7WSQOwgnaU/assets/base_link_collision.c8976a5a.glb              677.79 KiB
../../../../var/folders/yr/m7wc06cs58lbsz9yljkd589w0000gn/T/chromatic--39500-3V7WSQOwgnaU/assets/robotiq_85_base_link.f89b0277.glb             2841.88 KiB
../../../../var/folders/yr/m7wc06cs58lbsz9yljkd589w0000gn/T/chromatic--39500-3V7WSQOwgnaU/assets/S0.9403b6b0.glb                               716.59 KiB
../../../../var/folders/yr/m7wc06cs58lbsz9yljkd589w0000gn/T/chromatic--39500-3V7WSQOwgnaU/assets/W0.e8dfd744.glb                               578.55 KiB
../../../../var/folders/yr/m7wc06cs58lbsz9yljkd589w0000gn/T/chromatic--39500-3V7WSQOwgnaU/assets/robotiq_85_base_link.61e765d4.glb             3057.50 KiB
../../../../var/folders/yr/m7wc06cs58lbsz9yljkd589w0000gn/T/chromatic--39500-3V7WSQOwgnaU/assets/wrist3.2cd8adac.glb                           87.42 KiB
../../../../var/folders/yr/m7wc06cs58lbsz9yljkd589w0000gn/T/chromatic--39500-3V7WSQOwgnaU/assets/W2.217e9bd8.glb                               865.61 KiB
../../../../var/folders/yr/m7wc06cs58lbsz9yljkd589w0000gn/T/chromatic--39500-3V7WSQOwgnaU/assets/base.40df119d.glb                             33.87 KiB
../../../../var/folders/yr/m7wc06cs58lbsz9yljkd589w0000gn/T/chromatic--39500-3V7WSQOwgnaU/assets/base_link.8d3a8c7f.glb                        1611.37 KiB
../../../../var/folders/yr/m7wc06cs58lbsz9yljkd589w0000gn/T/chromatic--39500-3V7WSQOwgnaU/assets/forearm.449fae00.glb                          78.88 KiB
../../../../var/folders/yr/m7wc06cs58lbsz9yljkd589w0000gn/T/chromatic--39500-3V7WSQOwgnaU/assets/shoulder.9f8eac6c.glb                         138.85 KiB
../../../../var/folders/yr/m7wc06cs58lbsz9yljkd589w0000gn/T/chromatic--39500-3V7WSQOwgnaU/assets/forearm.26b3892e.glb                          1294.25 KiB
../../../../var/folders/yr/m7wc06cs58lbsz9yljkd589w0000gn/T/chromatic--39500-3V7WSQOwgnaU/assets/upperarm.6fb3eb6c.glb                         154.68 KiB
../../../../var/folders/yr/m7wc06cs58lbsz9yljkd589w0000gn/T/chromatic--39500-3V7WSQOwgnaU/assets/wrist1.97cc8fa1.glb                           1398.73 KiB
../../../../var/folders/yr/m7wc06cs58lbsz9yljkd589w0000gn/T/chromatic--39500-3V7WSQOwgnaU/assets/wrist2.ae2adc0b.glb                           1467.74 KiB
../../../../var/folders/yr/m7wc06cs58lbsz9yljkd589w0000gn/T/chromatic--39500-3V7WSQOwgnaU/assets/wrist1.e898c5c1.glb                           97.46 KiB
../../../../var/folders/yr/m7wc06cs58lbsz9yljkd589w0000gn/T/chromatic--39500-3V7WSQOwgnaU/assets/wrist2.894752f8.glb                           111.57 KiB
../../../../var/folders/yr/m7wc06cs58lbsz9yljkd589w0000gn/T/chromatic--39500-3V7WSQOwgnaU/assets/wrist3.703be1cc.glb                           13.00 KiB
../../../../var/folders/yr/m7wc06cs58lbsz9yljkd589w0000gn/T/chromatic--39500-3V7WSQOwgnaU/assets/shoulder.31e646db.glb                         2145.65 KiB
../../../../var/folders/yr/m7wc06cs58lbsz9yljkd589w0000gn/T/chromatic--39500-3V7WSQOwgnaU/assets/base.38f7253c.glb                             83.12 KiB
../../../../var/folders/yr/m7wc06cs58lbsz9yljkd589w0000gn/T/chromatic--39500-3V7WSQOwgnaU/assets/forearm.35b01707.glb                          468.30 KiB
../../../../var/folders/yr/m7wc06cs58lbsz9yljkd589w0000gn/T/chromatic--39500-3V7WSQOwgnaU/assets/shoulder.23473880.glb                         327.46 KiB
../../../../var/folders/yr/m7wc06cs58lbsz9yljkd589w0000gn/T/chromatic--39500-3V7WSQOwgnaU/assets/wrist1.71c5e581.glb                           328.00 KiB
../../../../var/folders/yr/m7wc06cs58lbsz9yljkd589w0000gn/T/chromatic--39500-3V7WSQOwgnaU/assets/wrist2.958ea3f7.glb                           327.14 KiB
../../../../var/folders/yr/m7wc06cs58lbsz9yljkd589w0000gn/T/chromatic--39500-3V7WSQOwgnaU/assets/base.9764eb31.glb                             25.96 KiB
../../../../var/folders/yr/m7wc06cs58lbsz9yljkd589w0000gn/T/chromatic--39500-3V7WSQOwgnaU/assets/wrist3.458024c8.glb                           66.65 KiB
../../../../var/folders/yr/m7wc06cs58lbsz9yljkd589w0000gn/T/chromatic--39500-3V7WSQOwgnaU/assets/upperarm.96f7f284.glb                         703.73 KiB
../../../../var/folders/yr/m7wc06cs58lbsz9yljkd589w0000gn/T/chromatic--39500-3V7WSQOwgnaU/assets/upperarm.a5794ba4.glb                         3572.25 KiB
../../../../var/folders/yr/m7wc06cs58lbsz9yljkd589w0000gn/T/chromatic--39500-3V7WSQOwgnaU/assets/wrist3.b63077b3.glb                           88.23 KiB
../../../../var/folders/yr/m7wc06cs58lbsz9yljkd589w0000gn/T/chromatic--39500-3V7WSQOwgnaU/assets/Arrow.eff8be04.glb                            319.98 KiB
../../../../var/folders/yr/m7wc06cs58lbsz9yljkd589w0000gn/T/chromatic--39500-3V7WSQOwgnaU/assets/wrist1.a9aec446.glb                           1015.91 KiB
../../../../var/folders/yr/m7wc06cs58lbsz9yljkd589w0000gn/T/chromatic--39500-3V7WSQOwgnaU/assets/Collision-MK2-Printer.cc14da6f.glb            40.45 KiB
../../../../var/folders/yr/m7wc06cs58lbsz9yljkd589w0000gn/T/chromatic--39500-3V7WSQOwgnaU/assets/Collision-Table.78eebad0.glb                  4.95 KiB
../../../../var/folders/yr/m7wc06cs58lbsz9yljkd589w0000gn/T/chromatic--39500-3V7WSQOwgnaU/assets/PEDESTAL.fd825d64.glb                         6029.35 KiB
../../../../var/folders/yr/m7wc06cs58lbsz9yljkd589w0000gn/T/chromatic--39500-3V7WSQOwgnaU/assets/shoulder.64291a66.glb                         1115.97 KiB
../../../../var/folders/yr/m7wc06cs58lbsz9yljkd589w0000gn/T/chromatic--39500-3V7WSQOwgnaU/assets/Collision-Pedestal.c7425a08.glb               69.18 KiB
../../../../var/folders/yr/m7wc06cs58lbsz9yljkd589w0000gn/T/chromatic--39500-3V7WSQOwgnaU/assets/forearm.ed3fd71f.glb                          1998.84 KiB
../../../../var/folders/yr/m7wc06cs58lbsz9yljkd589w0000gn/T/chromatic--39500-3V7WSQOwgnaU/assets/InfoPhycon.3d5e3d9e.glb                       27.11 KiB
../../../../var/folders/yr/m7wc06cs58lbsz9yljkd589w0000gn/T/chromatic--39500-3V7WSQOwgnaU/assets/LocationMarker.a3c223b3.glb                   4.18 KiB
../../../../var/folders/yr/m7wc06cs58lbsz9yljkd589w0000gn/T/chromatic--39500-3V7WSQOwgnaU/assets/OpenWaypointMarker.e8017a1c.glb               109.91 KiB
../../../../var/folders/yr/m7wc06cs58lbsz9yljkd589w0000gn/T/chromatic--39500-3V7WSQOwgnaU/assets/upperarm.7239fe4e.glb                         1576.63 KiB
../../../../var/folders/yr/m7wc06cs58lbsz9yljkd589w0000gn/T/chromatic--39500-3V7WSQOwgnaU/assets/Table.7c53beba.glb                            4.93 KiB
../../../../var/folders/yr/m7wc06cs58lbsz9yljkd589w0000gn/T/chromatic--39500-3V7WSQOwgnaU/assets/Pedestal.9999c4fe.glb                         69.16 KiB
../../../../var/folders/yr/m7wc06cs58lbsz9yljkd589w0000gn/T/chromatic--39500-3V7WSQOwgnaU/assets/WarningPhycon.a7fa7d13.glb                    8.73 KiB
../../../../var/folders/yr/m7wc06cs58lbsz9yljkd589w0000gn/T/chromatic--39500-3V7WSQOwgnaU/assets/Blade.ce7a9a43.glb                            268.54 KiB
../../../../var/folders/yr/m7wc06cs58lbsz9yljkd589w0000gn/T/chromatic--39500-3V7WSQOwgnaU/assets/Conveyor.91a48a71.glb                         267.39 KiB
../../../../var/folders/yr/m7wc06cs58lbsz9yljkd589w0000gn/T/chromatic--39500-3V7WSQOwgnaU/assets/wrist2.4b1bf704.glb                           3013.46 KiB
../../../../var/folders/yr/m7wc06cs58lbsz9yljkd589w0000gn/T/chromatic--39500-3V7WSQOwgnaU/assets/TransportJig.125b46bf.glb                     76.53 KiB
../../../../var/folders/yr/m7wc06cs58lbsz9yljkd589w0000gn/T/chromatic--39500-3V7WSQOwgnaU/assets/ConveyorReceiver.879f5a0e.glb                 6.09 KiB
../../../../var/folders/yr/m7wc06cs58lbsz9yljkd589w0000gn/T/chromatic--39500-3V7WSQOwgnaU/assets/ConveyorDispatcher.5852b804.glb               192.66 KiB
../../../../var/folders/yr/m7wc06cs58lbsz9yljkd589w0000gn/T/chromatic--39500-3V7WSQOwgnaU/assets/HandleL.f73c840c.glb                          791.38 KiB
../../../../var/folders/yr/m7wc06cs58lbsz9yljkd589w0000gn/T/chromatic--39500-3V7WSQOwgnaU/assets/HandleR.123fc633.glb                          791.33 KiB
../../../../var/folders/yr/m7wc06cs58lbsz9yljkd589w0000gn/T/chromatic--39500-3V7WSQOwgnaU/assets/AssemblyJig.a3fe9d80.glb                      668.57 KiB
../../../../var/folders/yr/m7wc06cs58lbsz9yljkd589w0000gn/T/chromatic--39500-3V7WSQOwgnaU/assets/Tag.61401f01.glb                              1179.28 KiB
../../../../var/folders/yr/m7wc06cs58lbsz9yljkd589w0000gn/T/chromatic--39500-3V7WSQOwgnaU/assets/Flag.dda72e58.glb                             1920.90 KiB
../../../../var/folders/yr/m7wc06cs58lbsz9yljkd589w0000gn/T/chromatic--39500-3V7WSQOwgnaU/assets/MK2Printer.e2121440.glb                       13254.45 KiB
../../../../var/folders/yr/m7wc06cs58lbsz9yljkd589w0000gn/T/chromatic--39500-3V7WSQOwgnaU/assets/3DBenchy.d4b15a33.glb                         18245.32 KiB
../../../../var/folders/yr/m7wc06cs58lbsz9yljkd589w0000gn/T/chromatic--39500-3V7WSQOwgnaU/iframe.html                                          12.50 KiB
../../../../var/folders/yr/m7wc06cs58lbsz9yljkd589w0000gn/T/chromatic--39500-3V7WSQOwgnaU/assets/iframe.dd963b9d.js                            5.69 KiB / gzip: 1.64 KiB
../../../../var/folders/yr/m7wc06cs58lbsz9yljkd589w0000gn/T/chromatic--39500-3V7WSQOwgnaU/assets/iframe.dd963b9d.js.map                        8.40 KiB
../../../../var/folders/yr/m7wc06cs58lbsz9yljkd589w0000gn/T/chromatic--39500-3V7WSQOwgnaU/assets/index.67736049.js                             0.75 KiB / gzip: 0.46 KiB
../../../../var/folders/yr/m7wc06cs58lbsz9yljkd589w0000gn/T/chromatic--39500-3V7WSQOwgnaU/assets/index.67736049.js.map                         3.11 KiB
../../../../var/folders/yr/m7wc06cs58lbsz9yljkd589w0000gn/T/chromatic--39500-3V7WSQOwgnaU/assets/index.e850844b.js                             0.16 KiB / gzip: 0.12 KiB
../../../../var/folders/yr/m7wc06cs58lbsz9yljkd589w0000gn/T/chromatic--39500-3V7WSQOwgnaU/assets/index.e850844b.js.map                         0.78 KiB
../../../../var/folders/yr/m7wc06cs58lbsz9yljkd589w0000gn/T/chromatic--39500-3V7WSQOwgnaU/assets/_commonjsHelpers.712cc82f.js                  0.58 KiB / gzip: 0.33 KiB
../../../../var/folders/yr/m7wc06cs58lbsz9yljkd589w0000gn/T/chromatic--39500-3V7WSQOwgnaU/assets/_commonjsHelpers.712cc82f.js.map              0.11 KiB
../../../../var/folders/yr/m7wc06cs58lbsz9yljkd589w0000gn/T/chromatic--39500-3V7WSQOwgnaU/assets/index.7f7b9823.js                             7.01 KiB / gzip: 2.85 KiB
../../../../var/folders/yr/m7wc06cs58lbsz9yljkd589w0000gn/T/chromatic--39500-3V7WSQOwgnaU/assets/index.7f7b9823.js.map                         15.18 KiB
../../../../var/folders/yr/m7wc06cs58lbsz9yljkd589w0000gn/T/chromatic--39500-3V7WSQOwgnaU/assets/preview.15f5f611.js                           0.67 KiB / gzip: 0.47 KiB
../../../../var/folders/yr/m7wc06cs58lbsz9yljkd589w0000gn/T/chromatic--39500-3V7WSQOwgnaU/assets/preview.15f5f611.js.map                       3.63 KiB
../../../../var/folders/yr/m7wc06cs58lbsz9yljkd589w0000gn/T/chromatic--39500-3V7WSQOwgnaU/assets/preview.060e5316.js                           0.75 KiB / gzip: 0.46 KiB
../../../../var/folders/yr/m7wc06cs58lbsz9yljkd589w0000gn/T/chromatic--39500-3V7WSQOwgnaU/assets/preview.060e5316.js.map                       1.21 KiB
../../../../var/folders/yr/m7wc06cs58lbsz9yljkd589w0000gn/T/chromatic--39500-3V7WSQOwgnaU/assets/_baseToString.e40787b1.js                     10.22 KiB / gzip: 4.18 KiB
../../../../var/folders/yr/m7wc06cs58lbsz9yljkd589w0000gn/T/chromatic--39500-3V7WSQOwgnaU/assets/_baseToString.e40787b1.js.map                 73.09 KiB
../../../../var/folders/yr/m7wc06cs58lbsz9yljkd589w0000gn/T/chromatic--39500-3V7WSQOwgnaU/assets/preview.2a2b91a3.js                           2.29 KiB / gzip: 1.20 KiB
../../../../var/folders/yr/m7wc06cs58lbsz9yljkd589w0000gn/T/chromatic--39500-3V7WSQOwgnaU/assets/preview.2a2b91a3.js.map                       9.76 KiB
../../../../var/folders/yr/m7wc06cs58lbsz9yljkd589w0000gn/T/chromatic--39500-3V7WSQOwgnaU/assets/preview.ed4d2ac0.js                           3.19 KiB / gzip: 1.35 KiB
../../../../var/folders/yr/m7wc06cs58lbsz9yljkd589w0000gn/T/chromatic--39500-3V7WSQOwgnaU/assets/preview.ed4d2ac0.js.map                       9.86 KiB
../../../../var/folders/yr/m7wc06cs58lbsz9yljkd589w0000gn/T/chromatic--39500-3V7WSQOwgnaU/assets/preview.ff591c0a.js                           7.46 KiB / gzip: 1.53 KiB
../../../../var/folders/yr/m7wc06cs58lbsz9yljkd589w0000gn/T/chromatic--39500-3V7WSQOwgnaU/assets/preview.ff591c0a.js.map                       13.34 KiB
../../../../var/folders/yr/m7wc06cs58lbsz9yljkd589w0000gn/T/chromatic--39500-3V7WSQOwgnaU/assets/preview.b5c0a545.js                           7.74 KiB / gzip: 2.92 KiB
../../../../var/folders/yr/m7wc06cs58lbsz9yljkd589w0000gn/T/chromatic--39500-3V7WSQOwgnaU/assets/preview.b5c0a545.js.map                       27.42 KiB
../../../../var/folders/yr/m7wc06cs58lbsz9yljkd589w0000gn/T/chromatic--39500-3V7WSQOwgnaU/assets/preview.a1398560.js                           0.82 KiB / gzip: 0.54 KiB
../../../../var/folders/yr/m7wc06cs58lbsz9yljkd589w0000gn/T/chromatic--39500-3V7WSQOwgnaU/assets/preview.a1398560.js.map                       2.71 KiB
../../../../var/folders/yr/m7wc06cs58lbsz9yljkd589w0000gn/T/chromatic--39500-3V7WSQOwgnaU/assets/preview.ffc0bfd9.js                           0.28 KiB / gzip: 0.23 KiB
../../../../var/folders/yr/m7wc06cs58lbsz9yljkd589w0000gn/T/chromatic--39500-3V7WSQOwgnaU/assets/preview.ffc0bfd9.js.map                       0.58 KiB
../../../../var/folders/yr/m7wc06cs58lbsz9yljkd589w0000gn/T/chromatic--39500-3V7WSQOwgnaU/assets/preview.049b79bd.js                           20.55 KiB / gzip: 6.79 KiB
../../../../var/folders/yr/m7wc06cs58lbsz9yljkd589w0000gn/T/chromatic--39500-3V7WSQOwgnaU/assets/preview.049b79bd.js.map                       66.15 KiB
../../../../var/folders/yr/m7wc06cs58lbsz9yljkd589w0000gn/T/chromatic--39500-3V7WSQOwgnaU/assets/Animation.stories.616a1f9f.js                 4.29 KiB / gzip: 1.43 KiB
../../../../var/folders/yr/m7wc06cs58lbsz9yljkd589w0000gn/T/chromatic--39500-3V7WSQOwgnaU/assets/Animation.stories.616a1f9f.js.map             12.24 KiB
../../../../var/folders/yr/m7wc06cs58lbsz9yljkd589w0000gn/T/chromatic--39500-3V7WSQOwgnaU/assets/inheritsLoose.b8ebfe26.js                     0.46 KiB / gzip: 0.26 KiB
../../../../var/folders/yr/m7wc06cs58lbsz9yljkd589w0000gn/T/chromatic--39500-3V7WSQOwgnaU/assets/inheritsLoose.b8ebfe26.js.map                 2.00 KiB
../../../../var/folders/yr/m7wc06cs58lbsz9yljkd589w0000gn/T/chromatic--39500-3V7WSQOwgnaU/assets/ItemMovement.stories.d49ed9c6.js              2.59 KiB / gzip: 1.08 KiB
../../../../var/folders/yr/m7wc06cs58lbsz9yljkd589w0000gn/T/chromatic--39500-3V7WSQOwgnaU/assets/ItemMovement.stories.d49ed9c6.js.map          7.99 KiB
../../../../var/folders/yr/m7wc06cs58lbsz9yljkd589w0000gn/T/chromatic--39500-3V7WSQOwgnaU/assets/MeshDebug.stories.cb02cbe3.js                 2.16 KiB / gzip: 1.08 KiB
../../../../var/folders/yr/m7wc06cs58lbsz9yljkd589w0000gn/T/chromatic--39500-3V7WSQOwgnaU/assets/MeshDebug.stories.cb02cbe3.js.map             6.32 KiB
../../../../var/folders/yr/m7wc06cs58lbsz9yljkd589w0000gn/T/chromatic--39500-3V7WSQOwgnaU/assets/CoFrame.stories.788bf652.js                   24.71 KiB / gzip: 4.42 KiB
../../../../var/folders/yr/m7wc06cs58lbsz9yljkd589w0000gn/T/chromatic--39500-3V7WSQOwgnaU/assets/CoFrame.stories.788bf652.js.map               75.53 KiB
../../../../var/folders/yr/m7wc06cs58lbsz9yljkd589w0000gn/T/chromatic--39500-3V7WSQOwgnaU/assets/MoreControls.stories.d07f5be2.js              8.14 KiB / gzip: 2.56 KiB
../../../../var/folders/yr/m7wc06cs58lbsz9yljkd589w0000gn/T/chromatic--39500-3V7WSQOwgnaU/assets/MoreControls.stories.d07f5be2.js.map          26.04 KiB
../../../../var/folders/yr/m7wc06cs58lbsz9yljkd589w0000gn/T/chromatic--39500-3V7WSQOwgnaU/assets/PointCloud.stories.0adc0c5d.js                6.60 KiB / gzip: 2.84 KiB
../../../../var/folders/yr/m7wc06cs58lbsz9yljkd589w0000gn/T/chromatic--39500-3V7WSQOwgnaU/assets/PointCloud.stories.0adc0c5d.js.map            32.94 KiB
../../../../var/folders/yr/m7wc06cs58lbsz9yljkd589w0000gn/T/chromatic--39500-3V7WSQOwgnaU/assets/Random.stories.57bd0fda.js                    4.73 KiB / gzip: 1.58 KiB
../../../../var/folders/yr/m7wc06cs58lbsz9yljkd589w0000gn/T/chromatic--39500-3V7WSQOwgnaU/assets/Random.stories.57bd0fda.js.map                17.44 KiB
../../../../var/folders/yr/m7wc06cs58lbsz9yljkd589w0000gn/T/chromatic--39500-3V7WSQOwgnaU/assets/TFMovement.stories.689c9a2e.js                4.86 KiB / gzip: 1.47 KiB
../../../../var/folders/yr/m7wc06cs58lbsz9yljkd589w0000gn/T/chromatic--39500-3V7WSQOwgnaU/assets/TFMovement.stories.689c9a2e.js.map            12.56 KiB
../../../../var/folders/yr/m7wc06cs58lbsz9yljkd589w0000gn/T/chromatic--39500-3V7WSQOwgnaU/assets/index.6ebfbc91.js                             0.56 KiB / gzip: 0.35 KiB
../../../../var/folders/yr/m7wc06cs58lbsz9yljkd589w0000gn/T/chromatic--39500-3V7WSQOwgnaU/assets/index.6ebfbc91.js.map                         3.87 KiB
../../../../var/folders/yr/m7wc06cs58lbsz9yljkd589w0000gn/T/chromatic--39500-3V7WSQOwgnaU/assets/syntaxhighlighter-QTQ2UBB4.a7ecae27.js        0.51 KiB / gzip: 0.30 KiB
../../../../var/folders/yr/m7wc06cs58lbsz9yljkd589w0000gn/T/chromatic--39500-3V7WSQOwgnaU/assets/syntaxhighlighter-QTQ2UBB4.a7ecae27.js.map    0.12 KiB
../../../../var/folders/yr/m7wc06cs58lbsz9yljkd589w0000gn/T/chromatic--39500-3V7WSQOwgnaU/assets/WithTooltip-5WWCYCAA.353a3636.js              0.50 KiB / gzip: 0.28 KiB
../../../../var/folders/yr/m7wc06cs58lbsz9yljkd589w0000gn/T/chromatic--39500-3V7WSQOwgnaU/assets/WithTooltip-5WWCYCAA.353a3636.js.map          0.11 KiB
../../../../var/folders/yr/m7wc06cs58lbsz9yljkd589w0000gn/T/chromatic--39500-3V7WSQOwgnaU/assets/GlobalScrollAreaStyles-XIHNDKUY.a48c9c3f.js   9.95 KiB / gzip: 2.18 KiB
../../../../var/folders/yr/m7wc06cs58lbsz9yljkd589w0000gn/T/chromatic--39500-3V7WSQOwgnaU/assets/GlobalScrollAreaStyles-XIHNDKUY.a48c9c3f.js.map 15.31 KiB
../../../../var/folders/yr/m7wc06cs58lbsz9yljkd589w0000gn/T/chromatic--39500-3V7WSQOwgnaU/assets/Color-3YIJY6X7.75993e1b.js                    30.50 KiB / gzip: 11.44 KiB
../../../../var/folders/yr/m7wc06cs58lbsz9yljkd589w0000gn/T/chromatic--39500-3V7WSQOwgnaU/assets/Color-3YIJY6X7.75993e1b.js.map                110.94 KiB
../../../../var/folders/yr/m7wc06cs58lbsz9yljkd589w0000gn/T/chromatic--39500-3V7WSQOwgnaU/assets/index.486b79d8.js                             66.65 KiB / gzip: 19.19 KiB
../../../../var/folders/yr/m7wc06cs58lbsz9yljkd589w0000gn/T/chromatic--39500-3V7WSQOwgnaU/assets/index.486b79d8.js.map                         242.57 KiB
../../../../var/folders/yr/m7wc06cs58lbsz9yljkd589w0000gn/T/chromatic--39500-3V7WSQOwgnaU/assets/index.a9969931.js                             71.11 KiB / gzip: 26.08 KiB
../../../../var/folders/yr/m7wc06cs58lbsz9yljkd589w0000gn/T/chromatic--39500-3V7WSQOwgnaU/assets/index.a9969931.js.map                         183.39 KiB
../../../../var/folders/yr/m7wc06cs58lbsz9yljkd589w0000gn/T/chromatic--39500-3V7WSQOwgnaU/assets/OverlayScrollbars-VAV6LJAB.7811fdc8.js        57.71 KiB / gzip: 24.73 KiB
../../../../var/folders/yr/m7wc06cs58lbsz9yljkd589w0000gn/T/chromatic--39500-3V7WSQOwgnaU/assets/OverlayScrollbars-VAV6LJAB.7811fdc8.js.map    267.74 KiB
../../../../var/folders/yr/m7wc06cs58lbsz9yljkd589w0000gn/T/chromatic--39500-3V7WSQOwgnaU/assets/client.c582ae78.js                            132.48 KiB / gzip: 42.57 KiB
../../../../var/folders/yr/m7wc06cs58lbsz9yljkd589w0000gn/T/chromatic--39500-3V7WSQOwgnaU/assets/client.c582ae78.js.map                        319.41 KiB
../../../../var/folders/yr/m7wc06cs58lbsz9yljkd589w0000gn/T/chromatic--39500-3V7WSQOwgnaU/assets/config.f1623a34.js                            215.63 KiB / gzip: 64.29 KiB
../../../../var/folders/yr/m7wc06cs58lbsz9yljkd589w0000gn/T/chromatic--39500-3V7WSQOwgnaU/assets/config.f1623a34.js.map                        786.23 KiB
../../../../var/folders/yr/m7wc06cs58lbsz9yljkd589w0000gn/T/chromatic--39500-3V7WSQOwgnaU/assets/DocsRenderer-7FRJXR4N.54d8b0cd.js             433.74 KiB / gzip: 137.08 KiB
../../../../var/folders/yr/m7wc06cs58lbsz9yljkd589w0000gn/T/chromatic--39500-3V7WSQOwgnaU/assets/DocsRenderer-7FRJXR4N.54d8b0cd.js.map         1213.42 KiB
../../../../var/folders/yr/m7wc06cs58lbsz9yljkd589w0000gn/T/chromatic--39500-3V7WSQOwgnaU/assets/formatter-MGIGMU7Y.d087b105.js                598.19 KiB / gzip: 181.01 KiB
../../../../var/folders/yr/m7wc06cs58lbsz9yljkd589w0000gn/T/chromatic--39500-3V7WSQOwgnaU/assets/formatter-MGIGMU7Y.d087b105.js.map            1275.00 KiB
../../../../var/folders/yr/m7wc06cs58lbsz9yljkd589w0000gn/T/chromatic--39500-3V7WSQOwgnaU/assets/ErrorFallback.4b00d79e.js                     1287.20 KiB / gzip: 352.86 KiB
../../../../var/folders/yr/m7wc06cs58lbsz9yljkd589w0000gn/T/chromatic--39500-3V7WSQOwgnaU/assets/ErrorFallback.4b00d79e.js.map                 5261.02 KiB

(!) Some chunks are larger than 500 KiB after minification. Consider:
- Using dynamic import() to code-split the application
- Use build.rollupOptions.output.manualChunks to improve chunking: https://rollupjs.org/guide/en/#outputmanualchunks
- Adjust chunk size limit for this warning via build.chunkSizeWarningLimit.
info => Output directory: /var/folders/yr/m7wc06cs58lbsz9yljkd589w0000gn/T/chromatic--39500-3V7WSQOwgnaU
